TN:
SF:src/infrastructure/di/application.ts
FN:40,(anonymous_0)
FN:53,(anonymous_1)
FN:71,(anonymous_2)
FN:72,(anonymous_3)
FN:79,(anonymous_4)
FN:89,(anonymous_5)
FN:97,(anonymous_6)
FN:104,(anonymous_7)
FN:112,(anonymous_8)
FN:120,(anonymous_9)
FN:133,(anonymous_10)
FN:183,(anonymous_11)
FN:191,(anonymous_12)
FNF:13
FNH:0
FNDA:0,(anonymous_0)
FNDA:0,(anonymous_1)
FNDA:0,(anonymous_2)
FNDA:0,(anonymous_3)
FNDA:0,(anonymous_4)
FNDA:0,(anonymous_5)
FNDA:0,(anonymous_6)
FNDA:0,(anonymous_7)
FNDA:0,(anonymous_8)
FNDA:0,(anonymous_9)
FNDA:0,(anonymous_10)
FNDA:0,(anonymous_11)
FNDA:0,(anonymous_12)
DA:1,1
DA:2,1
DA:25,1
DA:27,0
DA:30,0
DA:41,0
DA:43,0
DA:44,0
DA:54,0
DA:56,0
DA:58,0
DA:60,0
DA:61,0
DA:63,0
DA:64,0
DA:72,0
DA:82,0
DA:90,0
DA:98,0
DA:105,0
DA:113,0
DA:121,0
DA:134,0
DA:137,0
DA:138,0
DA:142,0
DA:144,0
DA:145,0
DA:147,0
DA:148,0
DA:156,0
DA:157,0
DA:160,0
DA:162,0
DA:163,0
DA:165,0
DA:166,0
DA:173,0
DA:185,0
DA:192,0
DA:193,0
DA:194,0
LF:42
LH:3
BRDA:40,0,0,0
BRDA:43,1,0,0
BRDA:43,2,0,0
BRDA:43,2,1,0
BRDA:56,3,0,0
BRDA:56,3,1,0
BRDA:63,4,0,0
BRDA:63,4,1,0
BRDA:82,5,0,0
BRDA:82,5,1,0
BRDA:147,6,0,0
BRDA:147,7,0,0
BRDA:147,7,1,0
BRDA:165,8,0,0
BRDA:193,9,0,0
BRF:15
BRH:0
end_of_record
TN:
SF:src/infrastructure/di/container.ts
FN:30,(anonymous_0)
FN:40,(anonymous_1)
FN:41,(anonymous_2)
FN:47,(anonymous_3)
FN:61,(anonymous_4)
FN:68,(anonymous_5)
FN:95,(anonymous_6)
FN:112,(anonymous_7)
FN:145,(anonymous_8)
FN:147,(anonymous_9)
FN:157,(anonymous_10)
FN:159,(anonymous_11)
FN:170,(anonymous_12)
FN:180,(anonymous_13)
FNF:14
FNH:0
FNDA:0,(anonymous_0)
FNDA:0,(anonymous_1)
FNDA:0,(anonymous_2)
FNDA:0,(anonymous_3)
FNDA:0,(anonymous_4)
FNDA:0,(anonymous_5)
FNDA:0,(anonymous_6)
FNDA:0,(anonymous_7)
FNDA:0,(anonymous_8)
FNDA:0,(anonymous_9)
FNDA:0,(anonymous_10)
FNDA:0,(anonymous_11)
FNDA:0,(anonymous_12)
FNDA:0,(anonymous_13)
DA:1,1
DA:3,1
DA:4,1
DA:5,1
DA:21,1
DA:22,1
DA:23,1
DA:24,1
DA:25,1
DA:31,0
DA:41,0
DA:51,0
DA:62,0
DA:69,0
DA:70,0
DA:75,0
DA:76,0
DA:77,0
DA:80,0
DA:81,0
DA:84,0
DA:86,0
DA:90,0
DA:92,0
DA:93,0
DA:95,0
DA:96,0
DA:98,0
DA:101,0
DA:104,0
DA:107,0
DA:110,0
DA:112,0
DA:113,0
DA:114,0
DA:118,0
DA:124,0
DA:127,0
DA:130,0
DA:131,0
DA:134,0
DA:136,0
DA:138,0
DA:147,0
DA:148,0
DA:151,0
DA:159,0
DA:160,0
DA:163,0
DA:164,0
DA:171,0
DA:172,0
DA:173,0
DA:181,0
DA:185,0
DA:186,0
LF:56
LH:9
BRDA:33,0,0,0
BRDA:33,0,1,0
BRDA:49,1,0,0
BRDA:69,2,0,0
BRDA:76,3,0,0
BRDA:80,4,0,0
BRDA:80,5,0,0
BRDA:80,5,1,0
BRDA:90,6,0,0
BRDA:90,6,1,0
BRDA:93,7,0,0
BRDA:93,7,1,0
BRDA:95,8,0,0
BRDA:95,8,1,0
BRDA:101,9,0,0
BRDA:101,9,1,0
BRDA:104,10,0,0
BRDA:104,10,1,0
BRDA:107,11,0,0
BRDA:107,11,1,0
BRDA:110,12,0,0
BRDA:110,12,1,0
BRDA:118,13,0,0
BRDA:118,13,1,0
BRDA:120,14,0,0
BRDA:120,14,1,0
BRDA:130,15,0,0
BRDA:171,16,0,0
BRDA:171,17,0,0
BRDA:171,17,1,0
BRDA:181,18,0,0
BRDA:182,19,0,0
BRDA:182,19,1,0
BRF:33
BRH:0
end_of_record
TN:
SF:src/infrastructure/di/index.ts
FNF:0
FNH:0
DA:2,1
DA:3,1
DA:4,1
DA:5,1
DA:6,1
DA:9,1
DA:10,1
DA:11,1
DA:14,1
DA:17,1
DA:20,1
DA:21,1
LF:12
LH:12
BRF:0
BRH:0
end_of_record
TN:
SF:src/infrastructure/di/inject.ts
FN:18,Inject
FN:19,(anonymous_1)
FNF:2
FNH:0
FNDA:0,Inject
FNDA:0,(anonymous_1)
DA:18,1
DA:19,0
DA:26,0
DA:29,0
DA:30,0
DA:31,0
DA:34,0
DA:35,0
DA:36,0
LF:9
LH:1
BRDA:29,0,0,0
BRDA:29,0,1,0
BRDA:34,1,0,0
BRDA:34,1,1,0
BRF:4
BRH:0
end_of_record
TN:
SF:src/infrastructure/di/injectable.ts
FN:11,Injectable
FN:12,(anonymous_1)
FNF:2
FNH:2
FNDA:1,Injectable
FNDA:1,(anonymous_1)
DA:11,1
DA:12,1
DA:13,1
DA:14,1
LF:4
LH:4
BRF:0
BRH:0
end_of_record
TN:
SF:src/infrastructure/di/lifecycle.ts
FN:26,isOnInit
FN:33,isOnDestroy
FN:48,(anonymous_2)
FN:55,(anonymous_3)
FN:62,(anonymous_4)
FN:69,(anonymous_5)
FNF:6
FNH:0
FNDA:0,isOnInit
FNDA:0,isOnDestroy
FNDA:0,(anonymous_2)
FNDA:0,(anonymous_3)
FNDA:0,(anonymous_4)
FNDA:0,(anonymous_5)
DA:26,1
DA:27,0
DA:33,1
DA:34,0
DA:41,1
DA:42,1
DA:43,1
DA:49,0
DA:56,0
DA:63,0
DA:70,0
LF:11
LH:5
BRDA:27,0,0,0
BRDA:27,0,1,0
BRDA:34,1,0,0
BRDA:34,1,1,0
BRF:4
BRH:0
end_of_record
TN:
SF:src/infrastructure/di/module-class.ts
FN:29,(anonymous_0)
FN:36,(anonymous_1)
FN:43,(anonymous_2)
FN:48,(anonymous_3)
FN:60,(anonymous_4)
FN:72,(anonymous_5)
FN:84,(anonymous_6)
FN:92,(anonymous_7)
FN:93,(anonymous_8)
FN:96,(anonymous_9)
FNF:10
FNH:0
FNDA:0,(anonymous_0)
FNDA:0,(anonymous_1)
FNDA:0,(anonymous_2)
FNDA:0,(anonymous_3)
FNDA:0,(anonymous_4)
FNDA:0,(anonymous_5)
FNDA:0,(anonymous_6)
FNDA:0,(anonymous_7)
FNDA:0,(anonymous_8)
FNDA:0,(anonymous_9)
DA:1,1
DA:18,1
DA:27,0
DA:30,0
DA:31,0
DA:32,0
DA:33,0
DA:37,0
DA:44,0
DA:46,0
DA:47,0
DA:48,0
DA:49,0
DA:51,0
DA:54,0
DA:61,0
DA:63,0
DA:64,0
DA:65,0
DA:66,0
DA:67,0
DA:71,0
DA:72,0
DA:73,0
DA:77,0
DA:85,0
DA:93,0
DA:97,0
DA:98,0
DA:99,0
DA:103,0
DA:104,0
DA:105,0
DA:106,0
LF:34
LH:2
BRDA:30,0,0,0
BRDA:30,0,1,0
BRDA:31,1,0,0
BRDA:31,1,1,0
BRDA:32,2,0,0
BRDA:32,2,1,0
BRDA:64,3,0,0
BRDA:64,3,1,0
BRDA:66,4,0,0
BRDA:66,5,0,0
BRDA:66,5,1,0
BRDA:72,6,0,0
BRDA:98,7,0,0
BRDA:105,8,0,0
BRDA:105,9,0,0
BRDA:105,9,1,0
BRF:16
BRH:0
end_of_record
TN:
SF:src/infrastructure/di/module.ts
FN:32,Module
FN:33,(anonymous_1)
FN:47,(anonymous_2)
FN:67,(anonymous_3)
FN:87,getModuleLayer
FN:94,getModuleOptions
FN:101,ApplicationModule
FN:105,DomainModule
FN:109,InfrastructureModule
FN:116,getModuleFromClass
FNF:10
FNH:0
FNDA:0,Module
FNDA:0,(anonymous_1)
FNDA:0,(anonymous_2)
FNDA:0,(anonymous_3)
FNDA:0,getModuleLayer
FNDA:0,getModuleOptions
FNDA:0,ApplicationModule
FNDA:0,DomainModule
FNDA:0,InfrastructureModule
FNDA:0,getModuleFromClass
DA:1,1
DA:2,1
DA:12,1
DA:32,1
DA:33,0
DA:34,0
DA:40,0
DA:42,0
DA:43,0
DA:46,0
DA:47,0
DA:48,0
DA:54,0
DA:55,0
DA:61,0
DA:64,0
DA:65,0
DA:67,0
DA:68,0
DA:69,0
DA:77,0
DA:78,0
DA:80,0
DA:87,1
DA:88,0
DA:94,1
DA:95,0
DA:101,1
DA:102,0
DA:105,1
DA:106,0
DA:109,1
DA:110,0
DA:116,1
DA:117,0
LF:35
LH:10
BRDA:35,0,0,0
BRDA:35,0,1,0
BRDA:36,1,0,0
BRDA:36,1,1,0
BRDA:37,2,0,0
BRDA:37,2,1,0
BRDA:42,3,0,0
BRDA:54,4,0,0
BRDA:68,5,0,0
BRDA:68,6,0,0
BRDA:68,6,1,0
BRDA:68,6,2,0
BRF:12
BRH:0
end_of_record
TN:
SF:src/infrastructure/di/resolve-error.ts
FN:2,(anonymous_0)
FNF:1
FNH:0
FNDA:0,(anonymous_0)
DA:1,1
DA:3,0
DA:4,0
LF:3
LH:1
BRF:0
BRH:0
end_of_record
TN:
SF:src/infrastructure/di/scope.ts
FN:8,(anonymous_0)
FN:24,Scoped
FN:25,(anonymous_2)
FNF:3
FNH:1
FNDA:1,(anonymous_0)
FNDA:0,Scoped
FNDA:0,(anonymous_2)
DA:8,1
DA:9,1
DA:10,1
DA:11,1
DA:24,1
DA:25,0
DA:26,0
DA:27,0
LF:8
LH:5
BRDA:8,0,0,1
BRDA:8,0,1,1
BRF:2
BRH:2
end_of_record
TN:
SF:src/infrastructure/di/token.ts
FN:15,(anonymous_0)
FN:22,(anonymous_1)
FN:29,(anonymous_2)
FN:52,createToken
FNF:4
FNH:0
FNDA:0,(anonymous_0)
FNDA:0,(anonymous_1)
FNDA:0,(anonymous_2)
FNDA:0,createToken
DA:5,1
DA:15,0
DA:16,0
DA:23,0
DA:30,0
DA:52,1
DA:53,0
LF:7
LH:2
BRF:0
BRH:0
end_of_record
TN:
SF:src/infrastructure/telemetry/open-telemetry.ts
FN:6,(anonymous_2)
FN:9,(anonymous_3)
FN:12,(anonymous_4)
FN:15,(anonymous_5)
FNF:4
FNH:4
FNDA:5,(anonymous_2)
FNDA:1,(anonymous_3)
FNDA:1,(anonymous_4)
FNDA:2,(anonymous_5)
DA:1,1
DA:5,1
DA:7,5
DA:10,1
DA:13,1
DA:16,2
LF:6
LH:6
BRF:0
BRH:0
end_of_record
